{"E:\\github\\fullstackopen\\part2\\notes\\src\\App.js": {"path":"E:\\github\\fullstackopen\\part2\\notes\\src\\App.js","statementMap":{"0":{"start":{"line":12,"column":12},"end":{"line":178,"column":1}},"1":{"start":{"line":13,"column":28},"end":{"line":13,"column":40}},"2":{"start":{"line":14,"column":32},"end":{"line":14,"column":54}},"3":{"start":{"line":15,"column":32},"end":{"line":15,"column":46}},"4":{"start":{"line":16,"column":42},"end":{"line":16,"column":56}},"5":{"start":{"line":17,"column":34},"end":{"line":17,"column":46}},"6":{"start":{"line":18,"column":34},"end":{"line":18,"column":46}},"7":{"start":{"line":19,"column":26},"end":{"line":19,"column":40}},"8":{"start":{"line":20,"column":42},"end":{"line":20,"column":57}},"9":{"start":{"line":22,"column":22},"end":{"line":22,"column":39}},"10":{"start":{"line":24,"column":2},"end":{"line":30,"column":8}},"11":{"start":{"line":25,"column":4},"end":{"line":29,"column":8}},"12":{"start":{"line":28,"column":8},"end":{"line":28,"column":30}},"13":{"start":{"line":32,"column":2},"end":{"line":39,"column":8}},"14":{"start":{"line":33,"column":27},"end":{"line":33,"column":75}},"15":{"start":{"line":34,"column":4},"end":{"line":38,"column":5}},"16":{"start":{"line":35,"column":19},"end":{"line":35,"column":45}},"17":{"start":{"line":36,"column":6},"end":{"line":36,"column":19}},"18":{"start":{"line":37,"column":6},"end":{"line":37,"column":38}},"19":{"start":{"line":41,"column":27},"end":{"line":43,"column":3}},"20":{"start":{"line":42,"column":4},"end":{"line":42,"column":34}},"21":{"start":{"line":45,"column":22},"end":{"line":47,"column":51}},"22":{"start":{"line":47,"column":27},"end":{"line":47,"column":50}},"23":{"start":{"line":49,"column":15},"end":{"line":55,"column":3}},"24":{"start":{"line":49,"column":21},"end":{"line":55,"column":3}},"25":{"start":{"line":50,"column":4},"end":{"line":54,"column":6}},"26":{"start":{"line":53,"column":30},"end":{"line":53,"column":57}},"27":{"start":{"line":57,"column":18},"end":{"line":73,"column":3}},"28":{"start":{"line":58,"column":4},"end":{"line":58,"column":26}},"29":{"start":{"line":59,"column":4},"end":{"line":59,"column":39}},"30":{"start":{"line":60,"column":23},"end":{"line":65,"column":5}},"31":{"start":{"line":67,"column":4},"end":{"line":72,"column":8}},"32":{"start":{"line":70,"column":8},"end":{"line":70,"column":44}},"33":{"start":{"line":71,"column":8},"end":{"line":71,"column":22}},"34":{"start":{"line":75,"column":29},"end":{"line":94,"column":3}},"35":{"start":{"line":76,"column":17},"end":{"line":76,"column":45}},"36":{"start":{"line":76,"column":33},"end":{"line":76,"column":44}},"37":{"start":{"line":77,"column":24},"end":{"line":77,"column":63}},"38":{"start":{"line":79,"column":4},"end":{"line":93,"column":8}},"39":{"start":{"line":82,"column":8},"end":{"line":82,"column":73}},"40":{"start":{"line":82,"column":35},"end":{"line":82,"column":71}},"41":{"start":{"line":85,"column":8},"end":{"line":88,"column":9}},"42":{"start":{"line":89,"column":8},"end":{"line":91,"column":16}},"43":{"start":{"line":90,"column":10},"end":{"line":90,"column":31}},"44":{"start":{"line":92,"column":8},"end":{"line":92,"column":48}},"45":{"start":{"line":92,"column":35},"end":{"line":92,"column":46}},"46":{"start":{"line":96,"column":22},"end":{"line":117,"column":3}},"47":{"start":{"line":97,"column":4},"end":{"line":97,"column":26}},"48":{"start":{"line":98,"column":4},"end":{"line":116,"column":5}},"49":{"start":{"line":99,"column":19},"end":{"line":101,"column":8}},"50":{"start":{"line":103,"column":6},"end":{"line":105,"column":7}},"51":{"start":{"line":107,"column":6},"end":{"line":107,"column":38}},"52":{"start":{"line":108,"column":6},"end":{"line":108,"column":19}},"53":{"start":{"line":109,"column":6},"end":{"line":109,"column":21}},"54":{"start":{"line":110,"column":6},"end":{"line":110,"column":21}},"55":{"start":{"line":112,"column":6},"end":{"line":112,"column":42}},"56":{"start":{"line":113,"column":6},"end":{"line":115,"column":14}},"57":{"start":{"line":114,"column":8},"end":{"line":114,"column":29}},"58":{"start":{"line":119,"column":20},"end":{"line":140,"column":3}},"59":{"start":{"line":120,"column":28},"end":{"line":120,"column":67}},"60":{"start":{"line":121,"column":28},"end":{"line":121,"column":67}},"61":{"start":{"line":123,"column":4},"end":{"line":139,"column":5}},"62":{"start":{"line":126,"column":33},"end":{"line":126,"column":54}},"63":{"start":{"line":132,"column":50},"end":{"line":132,"column":75}},"64":{"start":{"line":133,"column":50},"end":{"line":133,"column":75}},"65":{"start":{"line":136,"column":33},"end":{"line":136,"column":55}},"66":{"start":{"line":142,"column":19},"end":{"line":150,"column":3}},"67":{"start":{"line":143,"column":4},"end":{"line":149,"column":16}},"68":{"start":{"line":152,"column":2},"end":{"line":177,"column":3}},"69":{"start":{"line":168,"column":31},"end":{"line":168,"column":51}}},"fnMap":{"0":{"name":"(anonymous_0)","decl":{"start":{"line":12,"column":12},"end":{"line":12,"column":13}},"loc":{"start":{"line":12,"column":18},"end":{"line":178,"column":1}},"line":12},"1":{"name":"(anonymous_1)","decl":{"start":{"line":24,"column":12},"end":{"line":24,"column":13}},"loc":{"start":{"line":24,"column":18},"end":{"line":30,"column":3}},"line":24},"2":{"name":"(anonymous_2)","decl":{"start":{"line":27,"column":12},"end":{"line":27,"column":13}},"loc":{"start":{"line":27,"column":28},"end":{"line":29,"column":7}},"line":27},"3":{"name":"(anonymous_3)","decl":{"start":{"line":32,"column":12},"end":{"line":32,"column":13}},"loc":{"start":{"line":32,"column":18},"end":{"line":39,"column":3}},"line":32},"4":{"name":"(anonymous_4)","decl":{"start":{"line":41,"column":27},"end":{"line":41,"column":28}},"loc":{"start":{"line":41,"column":36},"end":{"line":43,"column":3}},"line":41},"5":{"name":"(anonymous_5)","decl":{"start":{"line":47,"column":19},"end":{"line":47,"column":20}},"loc":{"start":{"line":47,"column":27},"end":{"line":47,"column":50}},"line":47},"6":{"name":"(anonymous_6)","decl":{"start":{"line":49,"column":15},"end":{"line":49,"column":16}},"loc":{"start":{"line":49,"column":21},"end":{"line":55,"column":3}},"line":49},"7":{"name":"(anonymous_7)","decl":{"start":{"line":49,"column":37},"end":{"line":49,"column":38}},"loc":{"start":{"line":50,"column":4},"end":{"line":54,"column":6}},"line":50},"8":{"name":"(anonymous_8)","decl":{"start":{"line":53,"column":24},"end":{"line":53,"column":25}},"loc":{"start":{"line":53,"column":30},"end":{"line":53,"column":57}},"line":53},"9":{"name":"(anonymous_9)","decl":{"start":{"line":57,"column":18},"end":{"line":57,"column":19}},"loc":{"start":{"line":57,"column":27},"end":{"line":73,"column":3}},"line":57},"10":{"name":"(anonymous_10)","decl":{"start":{"line":69,"column":12},"end":{"line":69,"column":13}},"loc":{"start":{"line":69,"column":28},"end":{"line":72,"column":7}},"line":69},"11":{"name":"(anonymous_11)","decl":{"start":{"line":75,"column":29},"end":{"line":75,"column":30}},"loc":{"start":{"line":75,"column":35},"end":{"line":94,"column":3}},"line":75},"12":{"name":"(anonymous_12)","decl":{"start":{"line":76,"column":28},"end":{"line":76,"column":29}},"loc":{"start":{"line":76,"column":33},"end":{"line":76,"column":44}},"line":76},"13":{"name":"(anonymous_13)","decl":{"start":{"line":81,"column":12},"end":{"line":81,"column":13}},"loc":{"start":{"line":81,"column":28},"end":{"line":83,"column":7}},"line":81},"14":{"name":"(anonymous_14)","decl":{"start":{"line":82,"column":27},"end":{"line":82,"column":28}},"loc":{"start":{"line":82,"column":35},"end":{"line":82,"column":71}},"line":82},"15":{"name":"(anonymous_15)","decl":{"start":{"line":84,"column":13},"end":{"line":84,"column":14}},"loc":{"start":{"line":84,"column":22},"end":{"line":93,"column":7}},"line":84},"16":{"name":"(anonymous_16)","decl":{"start":{"line":89,"column":19},"end":{"line":89,"column":20}},"loc":{"start":{"line":89,"column":25},"end":{"line":91,"column":9}},"line":89},"17":{"name":"(anonymous_17)","decl":{"start":{"line":92,"column":30},"end":{"line":92,"column":31}},"loc":{"start":{"line":92,"column":35},"end":{"line":92,"column":46}},"line":92},"18":{"name":"(anonymous_18)","decl":{"start":{"line":96,"column":22},"end":{"line":96,"column":23}},"loc":{"start":{"line":96,"column":39},"end":{"line":117,"column":3}},"line":96},"19":{"name":"(anonymous_19)","decl":{"start":{"line":113,"column":17},"end":{"line":113,"column":18}},"loc":{"start":{"line":113,"column":23},"end":{"line":115,"column":7}},"line":113},"20":{"name":"(anonymous_20)","decl":{"start":{"line":119,"column":20},"end":{"line":119,"column":21}},"loc":{"start":{"line":119,"column":26},"end":{"line":140,"column":3}},"line":119},"21":{"name":"(anonymous_21)","decl":{"start":{"line":126,"column":27},"end":{"line":126,"column":28}},"loc":{"start":{"line":126,"column":33},"end":{"line":126,"column":54}},"line":126},"22":{"name":"(anonymous_22)","decl":{"start":{"line":132,"column":34},"end":{"line":132,"column":35}},"loc":{"start":{"line":132,"column":50},"end":{"line":132,"column":75}},"line":132},"23":{"name":"(anonymous_23)","decl":{"start":{"line":133,"column":34},"end":{"line":133,"column":35}},"loc":{"start":{"line":133,"column":50},"end":{"line":133,"column":75}},"line":133},"24":{"name":"(anonymous_24)","decl":{"start":{"line":136,"column":27},"end":{"line":136,"column":28}},"loc":{"start":{"line":136,"column":33},"end":{"line":136,"column":55}},"line":136},"25":{"name":"(anonymous_25)","decl":{"start":{"line":142,"column":19},"end":{"line":142,"column":20}},"loc":{"start":{"line":143,"column":4},"end":{"line":149,"column":16}},"line":143},"26":{"name":"(anonymous_26)","decl":{"start":{"line":168,"column":25},"end":{"line":168,"column":26}},"loc":{"start":{"line":168,"column":31},"end":{"line":168,"column":51}},"line":168}},"branchMap":{"0":{"loc":{"start":{"line":34,"column":4},"end":{"line":38,"column":5}},"type":"if","locations":[{"start":{"line":34,"column":4},"end":{"line":38,"column":5}},{"start":{"line":34,"column":4},"end":{"line":38,"column":5}}],"line":34},"1":{"loc":{"start":{"line":45,"column":22},"end":{"line":47,"column":51}},"type":"cond-expr","locations":[{"start":{"line":46,"column":6},"end":{"line":46,"column":11}},{"start":{"line":47,"column":6},"end":{"line":47,"column":51}}],"line":45},"2":{"loc":{"start":{"line":82,"column":35},"end":{"line":82,"column":71}},"type":"cond-expr","locations":[{"start":{"line":82,"column":52},"end":{"line":82,"column":56}},{"start":{"line":82,"column":59},"end":{"line":82,"column":71}}],"line":82},"3":{"loc":{"start":{"line":120,"column":39},"end":{"line":120,"column":65}},"type":"cond-expr","locations":[{"start":{"line":120,"column":54},"end":{"line":120,"column":60}},{"start":{"line":120,"column":63},"end":{"line":120,"column":65}}],"line":120},"4":{"loc":{"start":{"line":121,"column":39},"end":{"line":121,"column":65}},"type":"cond-expr","locations":[{"start":{"line":121,"column":54},"end":{"line":121,"column":56}},{"start":{"line":121,"column":59},"end":{"line":121,"column":65}}],"line":121},"5":{"loc":{"start":{"line":159,"column":7},"end":{"line":164,"column":14}},"type":"cond-expr","locations":[{"start":{"line":160,"column":8},"end":{"line":160,"column":19}},{"start":{"line":161,"column":8},"end":{"line":164,"column":14}}],"line":159},"6":{"loc":{"start":{"line":169,"column":16},"end":{"line":169,"column":45}},"type":"cond-expr","locations":[{"start":{"line":169,"column":26},"end":{"line":169,"column":37}},{"start":{"line":169,"column":40},"end":{"line":169,"column":45}}],"line":169}},"s":{"0":1,"1":3,"2":3,"3":3,"4":3,"5":3,"6":3,"7":3,"8":3,"9":3,"10":3,"11":1,"12":1,"13":3,"14":1,"15":1,"16":0,"17":0,"18":0,"19":3,"20":0,"21":3,"22":0,"23":3,"24":3,"25":3,"26":0,"27":3,"28":0,"29":0,"30":0,"31":0,"32":0,"33":0,"34":3,"35":0,"36":0,"37":0,"38":0,"39":0,"40":0,"41":0,"42":0,"43":0,"44":0,"45":0,"46":3,"47":0,"48":0,"49":0,"50":0,"51":0,"52":0,"53":0,"54":0,"55":0,"56":0,"57":0,"58":3,"59":3,"60":3,"61":3,"62":0,"63":0,"64":0,"65":0,"66":3,"67":0,"68":3,"69":0},"f":{"0":3,"1":1,"2":1,"3":1,"4":0,"5":0,"6":3,"7":3,"8":0,"9":0,"10":0,"11":0,"12":0,"13":0,"14":0,"15":0,"16":0,"17":0,"18":0,"19":0,"20":3,"21":0,"22":0,"23":0,"24":0,"25":0,"26":0},"b":{"0":[0,1],"1":[3,0],"2":[0,0],"3":[0,3],"4":[0,3],"5":[3,0],"6":[3,0]},"_coverageSchema":"43e27e138ebf9cfc5966b082cf9a028302ed4184","hash":"6c6fae0d13042bafc0c3197e3dd8f9d3edd1f62c"}
,"E:\\github\\fullstackopen\\part2\\notes\\src\\index.js": {"path":"E:\\github\\fullstackopen\\part2\\notes\\src\\index.js","statementMap":{"0":{"start":{"line":5,"column":0},"end":{"line":7,"column":1}}},"fnMap":{},"branchMap":{},"s":{"0":0},"f":{},"b":{},"hash":"e78bd666e906c6696307461cfd46e5be30ef663c"}
,"E:\\github\\fullstackopen\\part2\\notes\\src\\components\\Footer.js": {"path":"E:\\github\\fullstackopen\\part2\\notes\\src\\components\\Footer.js","statementMap":{"0":{"start":{"line":3,"column":15},"end":{"line":16,"column":1}},"1":{"start":{"line":4,"column":22},"end":{"line":8,"column":3}},"2":{"start":{"line":10,"column":2},"end":{"line":15,"column":3}}},"fnMap":{"0":{"name":"(anonymous_0)","decl":{"start":{"line":3,"column":15},"end":{"line":3,"column":16}},"loc":{"start":{"line":3,"column":21},"end":{"line":16,"column":1}},"line":3}},"branchMap":{},"s":{"0":1,"1":3,"2":3},"f":{"0":3},"b":{},"_coverageSchema":"43e27e138ebf9cfc5966b082cf9a028302ed4184","hash":"01fc4c691e9691dd61acef23d2fbd480a6b58f30"}
,"E:\\github\\fullstackopen\\part2\\notes\\src\\components\\LoginForm.js": {"path":"E:\\github\\fullstackopen\\part2\\notes\\src\\components\\LoginForm.js","statementMap":{"0":{"start":{"line":4,"column":18},"end":{"line":35,"column":1}},"1":{"start":{"line":11,"column":2},"end":{"line":34,"column":3}},"2":{"start":{"line":37,"column":0},"end":{"line":43,"column":1}}},"fnMap":{"0":{"name":"(anonymous_0)","decl":{"start":{"line":4,"column":18},"end":{"line":4,"column":19}},"loc":{"start":{"line":10,"column":6},"end":{"line":35,"column":1}},"line":10}},"branchMap":{},"s":{"0":1,"1":3,"2":1},"f":{"0":3},"b":{},"_coverageSchema":"43e27e138ebf9cfc5966b082cf9a028302ed4184","hash":"d46cbdc47957fcb6a061e0e65b5116e63e3d7902"}
,"E:\\github\\fullstackopen\\part2\\notes\\src\\components\\Note.js": {"path":"E:\\github\\fullstackopen\\part2\\notes\\src\\components\\Note.js","statementMap":{"0":{"start":{"line":3,"column":13},"end":{"line":13,"column":1}},"1":{"start":{"line":4,"column":16},"end":{"line":5,"column":45}},"2":{"start":{"line":7,"column":2},"end":{"line":12,"column":3}}},"fnMap":{"0":{"name":"(anonymous_0)","decl":{"start":{"line":3,"column":13},"end":{"line":3,"column":14}},"loc":{"start":{"line":3,"column":45},"end":{"line":13,"column":1}},"line":3}},"branchMap":{"0":{"loc":{"start":{"line":4,"column":16},"end":{"line":5,"column":45}},"type":"cond-expr","locations":[{"start":{"line":5,"column":6},"end":{"line":5,"column":26}},{"start":{"line":5,"column":29},"end":{"line":5,"column":45}}],"line":4}},"s":{"0":2,"1":5,"2":5},"f":{"0":5},"b":{"0":[4,1]},"_coverageSchema":"43e27e138ebf9cfc5966b082cf9a028302ed4184","hash":"b5de4057f9fd01c4a3a3bc8544de2750f1347cd8"}
,"E:\\github\\fullstackopen\\part2\\notes\\src\\components\\NoteForm.js": {"path":"E:\\github\\fullstackopen\\part2\\notes\\src\\components\\NoteForm.js","statementMap":{"0":{"start":{"line":3,"column":17},"end":{"line":16,"column":1}},"1":{"start":{"line":4,"column":2},"end":{"line":15,"column":3}}},"fnMap":{"0":{"name":"(anonymous_0)","decl":{"start":{"line":3,"column":17},"end":{"line":3,"column":18}},"loc":{"start":{"line":3,"column":56},"end":{"line":16,"column":1}},"line":3}},"branchMap":{},"s":{"0":2,"1":1},"f":{"0":1},"b":{},"_coverageSchema":"43e27e138ebf9cfc5966b082cf9a028302ed4184","hash":"9e80becdfdc8ee4ebf649e4cde320f09bc1be967"}
,"E:\\github\\fullstackopen\\part2\\notes\\src\\components\\Notification.js": {"path":"E:\\github\\fullstackopen\\part2\\notes\\src\\components\\Notification.js","statementMap":{"0":{"start":{"line":3,"column":21},"end":{"line":13,"column":1}},"1":{"start":{"line":4,"column":2},"end":{"line":6,"column":3}},"2":{"start":{"line":5,"column":4},"end":{"line":5,"column":15}},"3":{"start":{"line":8,"column":2},"end":{"line":12,"column":3}}},"fnMap":{"0":{"name":"(anonymous_0)","decl":{"start":{"line":3,"column":21},"end":{"line":3,"column":22}},"loc":{"start":{"line":3,"column":38},"end":{"line":13,"column":1}},"line":3}},"branchMap":{"0":{"loc":{"start":{"line":4,"column":2},"end":{"line":6,"column":3}},"type":"if","locations":[{"start":{"line":4,"column":2},"end":{"line":6,"column":3}},{"start":{"line":4,"column":2},"end":{"line":6,"column":3}}],"line":4}},"s":{"0":1,"1":3,"2":3,"3":0},"f":{"0":3},"b":{"0":[3,0]},"_coverageSchema":"43e27e138ebf9cfc5966b082cf9a028302ed4184","hash":"69409774d34dfbf9c18ed7c12ffed7b06ba45954"}
,"E:\\github\\fullstackopen\\part2\\notes\\src\\components\\Togglable.js": {"path":"E:\\github\\fullstackopen\\part2\\notes\\src\\components\\Togglable.js","statementMap":{"0":{"start":{"line":4,"column":18},"end":{"line":31,"column":2}},"1":{"start":{"line":5,"column":32},"end":{"line":5,"column":47}},"2":{"start":{"line":7,"column":26},"end":{"line":7,"column":60}},"3":{"start":{"line":8,"column":26},"end":{"line":8,"column":60}},"4":{"start":{"line":10,"column":27},"end":{"line":12,"column":3}},"5":{"start":{"line":11,"column":4},"end":{"line":11,"column":24}},"6":{"start":{"line":14,"column":2},"end":{"line":18,"column":4}},"7":{"start":{"line":15,"column":4},"end":{"line":17,"column":5}},"8":{"start":{"line":20,"column":2},"end":{"line":30,"column":3}},"9":{"start":{"line":33,"column":0},"end":{"line":35,"column":1}}},"fnMap":{"0":{"name":"(anonymous_0)","decl":{"start":{"line":4,"column":35},"end":{"line":4,"column":36}},"loc":{"start":{"line":4,"column":51},"end":{"line":31,"column":1}},"line":4},"1":{"name":"(anonymous_1)","decl":{"start":{"line":10,"column":27},"end":{"line":10,"column":28}},"loc":{"start":{"line":10,"column":33},"end":{"line":12,"column":3}},"line":10},"2":{"name":"(anonymous_2)","decl":{"start":{"line":14,"column":27},"end":{"line":14,"column":28}},"loc":{"start":{"line":14,"column":33},"end":{"line":18,"column":3}},"line":14}},"branchMap":{"0":{"loc":{"start":{"line":7,"column":37},"end":{"line":7,"column":58}},"type":"cond-expr","locations":[{"start":{"line":7,"column":47},"end":{"line":7,"column":53}},{"start":{"line":7,"column":56},"end":{"line":7,"column":58}}],"line":7},"1":{"loc":{"start":{"line":8,"column":37},"end":{"line":8,"column":58}},"type":"cond-expr","locations":[{"start":{"line":8,"column":47},"end":{"line":8,"column":49}},{"start":{"line":8,"column":52},"end":{"line":8,"column":58}}],"line":8}},"s":{"0":2,"1":7,"2":7,"3":7,"4":7,"5":3,"6":7,"7":0,"8":7,"9":2},"f":{"0":7,"1":3,"2":0},"b":{"0":[2,5],"1":[2,5]},"_coverageSchema":"43e27e138ebf9cfc5966b082cf9a028302ed4184","hash":"94bc4bf28eacfee0500e986589ff1793c7a1693a"}
,"E:\\github\\fullstackopen\\part2\\notes\\src\\services\\login.js": {"path":"E:\\github\\fullstackopen\\part2\\notes\\src\\services\\login.js","statementMap":{"0":{"start":{"line":2,"column":16},"end":{"line":2,"column":28}},"1":{"start":{"line":4,"column":14},"end":{"line":7,"column":1}},"2":{"start":{"line":5,"column":19},"end":{"line":5,"column":57}},"3":{"start":{"line":6,"column":2},"end":{"line":6,"column":22}}},"fnMap":{"0":{"name":"(anonymous_0)","decl":{"start":{"line":4,"column":14},"end":{"line":4,"column":15}},"loc":{"start":{"line":4,"column":35},"end":{"line":7,"column":1}},"line":4}},"branchMap":{},"s":{"0":1,"1":1,"2":0,"3":0},"f":{"0":0},"b":{},"_coverageSchema":"43e27e138ebf9cfc5966b082cf9a028302ed4184","hash":"71dbdc499ce06681bf9c204ddc71949d5614ec11"}
,"E:\\github\\fullstackopen\\part2\\notes\\src\\services\\notes.js": {"path":"E:\\github\\fullstackopen\\part2\\notes\\src\\services\\notes.js","statementMap":{"0":{"start":{"line":2,"column":16},"end":{"line":2,"column":28}},"1":{"start":{"line":4,"column":12},"end":{"line":4,"column":16}},"2":{"start":{"line":6,"column":17},"end":{"line":8,"column":1}},"3":{"start":{"line":7,"column":2},"end":{"line":7,"column":30}},"4":{"start":{"line":10,"column":15},"end":{"line":20,"column":1}},"5":{"start":{"line":11,"column":18},"end":{"line":11,"column":36}},"6":{"start":{"line":13,"column":22},"end":{"line":18,"column":3}},"7":{"start":{"line":19,"column":2},"end":{"line":19,"column":68}},"8":{"start":{"line":19,"column":34},"end":{"line":19,"column":67}},"9":{"start":{"line":22,"column":15},"end":{"line":29,"column":1}},"10":{"start":{"line":23,"column":17},"end":{"line":25,"column":3}},"11":{"start":{"line":26,"column":19},"end":{"line":26,"column":63}},"12":{"start":{"line":28,"column":2},"end":{"line":28,"column":22}},"13":{"start":{"line":31,"column":15},"end":{"line":34,"column":1}},"14":{"start":{"line":32,"column":18},"end":{"line":32,"column":58}},"15":{"start":{"line":33,"column":2},"end":{"line":33,"column":48}},"16":{"start":{"line":33,"column":34},"end":{"line":33,"column":47}}},"fnMap":{"0":{"name":"(anonymous_0)","decl":{"start":{"line":6,"column":17},"end":{"line":6,"column":18}},"loc":{"start":{"line":6,"column":29},"end":{"line":8,"column":1}},"line":6},"1":{"name":"(anonymous_1)","decl":{"start":{"line":10,"column":15},"end":{"line":10,"column":16}},"loc":{"start":{"line":10,"column":21},"end":{"line":20,"column":1}},"line":10},"2":{"name":"(anonymous_2)","decl":{"start":{"line":19,"column":22},"end":{"line":19,"column":23}},"loc":{"start":{"line":19,"column":34},"end":{"line":19,"column":67}},"line":19},"3":{"name":"(anonymous_3)","decl":{"start":{"line":22,"column":15},"end":{"line":22,"column":16}},"loc":{"start":{"line":22,"column":34},"end":{"line":29,"column":1}},"line":22},"4":{"name":"(anonymous_4)","decl":{"start":{"line":31,"column":15},"end":{"line":31,"column":16}},"loc":{"start":{"line":31,"column":34},"end":{"line":34,"column":1}},"line":31},"5":{"name":"(anonymous_5)","decl":{"start":{"line":33,"column":22},"end":{"line":33,"column":23}},"loc":{"start":{"line":33,"column":34},"end":{"line":33,"column":47}},"line":33}},"branchMap":{},"s":{"0":0,"1":0,"2":0,"3":0,"4":0,"5":0,"6":0,"7":0,"8":0,"9":0,"10":0,"11":0,"12":0,"13":0,"14":0,"15":0,"16":0},"f":{"0":0,"1":0,"2":0,"3":0,"4":0,"5":0},"b":{},"hash":"ad60a599a164da5652a393940f5275ec2bc40749"}
}
