TN:
SF:E:\github\fullstackopen\part2\notes\src\App.js
FN:12,(anonymous_0)
FN:24,(anonymous_1)
FN:27,(anonymous_2)
FN:32,(anonymous_3)
FN:41,(anonymous_4)
FN:47,(anonymous_5)
FN:49,(anonymous_6)
FN:49,(anonymous_7)
FN:53,(anonymous_8)
FN:57,(anonymous_9)
FN:69,(anonymous_10)
FN:75,(anonymous_11)
FN:76,(anonymous_12)
FN:81,(anonymous_13)
FN:82,(anonymous_14)
FN:84,(anonymous_15)
FN:89,(anonymous_16)
FN:92,(anonymous_17)
FN:96,(anonymous_18)
FN:113,(anonymous_19)
FN:119,(anonymous_20)
FN:126,(anonymous_21)
FN:132,(anonymous_22)
FN:133,(anonymous_23)
FN:136,(anonymous_24)
FN:142,(anonymous_25)
FN:168,(anonymous_26)
FNF:27
FNH:7
FNDA:3,(anonymous_0)
FNDA:1,(anonymous_1)
FNDA:1,(anonymous_2)
FNDA:1,(anonymous_3)
FNDA:0,(anonymous_4)
FNDA:0,(anonymous_5)
FNDA:3,(anonymous_6)
FNDA:3,(anonymous_7)
FNDA:0,(anonymous_8)
FNDA:0,(anonymous_9)
FNDA:0,(anonymous_10)
FNDA:0,(anonymous_11)
FNDA:0,(anonymous_12)
FNDA:0,(anonymous_13)
FNDA:0,(anonymous_14)
FNDA:0,(anonymous_15)
FNDA:0,(anonymous_16)
FNDA:0,(anonymous_17)
FNDA:0,(anonymous_18)
FNDA:0,(anonymous_19)
FNDA:3,(anonymous_20)
FNDA:0,(anonymous_21)
FNDA:0,(anonymous_22)
FNDA:0,(anonymous_23)
FNDA:0,(anonymous_24)
FNDA:0,(anonymous_25)
FNDA:0,(anonymous_26)
DA:12,1
DA:13,3
DA:14,3
DA:15,3
DA:16,3
DA:17,3
DA:18,3
DA:19,3
DA:20,3
DA:22,3
DA:24,3
DA:25,1
DA:28,1
DA:32,3
DA:33,1
DA:34,1
DA:35,0
DA:36,0
DA:37,0
DA:41,3
DA:42,0
DA:45,3
DA:47,0
DA:49,3
DA:50,3
DA:53,0
DA:57,3
DA:58,0
DA:59,0
DA:60,0
DA:67,0
DA:70,0
DA:71,0
DA:75,3
DA:76,0
DA:77,0
DA:79,0
DA:82,0
DA:85,0
DA:89,0
DA:90,0
DA:92,0
DA:96,3
DA:97,0
DA:98,0
DA:99,0
DA:103,0
DA:107,0
DA:108,0
DA:109,0
DA:110,0
DA:112,0
DA:113,0
DA:114,0
DA:119,3
DA:120,3
DA:121,3
DA:123,3
DA:126,0
DA:132,0
DA:133,0
DA:136,0
DA:142,3
DA:143,0
DA:152,3
DA:168,0
LF:66
LH:29
BRDA:34,0,0,0
BRDA:34,0,1,1
BRDA:45,1,0,3
BRDA:45,1,1,0
BRDA:82,2,0,0
BRDA:82,2,1,0
BRDA:120,3,0,0
BRDA:120,3,1,3
BRDA:121,4,0,0
BRDA:121,4,1,3
BRDA:159,5,0,3
BRDA:159,5,1,0
BRDA:169,6,0,3
BRDA:169,6,1,0
BRF:14
BRH:6
end_of_record
TN:
SF:E:\github\fullstackopen\part2\notes\src\index.js
FNF:0
FNH:0
DA:5,0
LF:1
LH:0
BRF:0
BRH:0
end_of_record
TN:
SF:E:\github\fullstackopen\part2\notes\src\components\Footer.js
FN:3,(anonymous_0)
FNF:1
FNH:1
FNDA:3,(anonymous_0)
DA:3,1
DA:4,3
DA:10,3
LF:3
LH:3
BRF:0
BRH:0
end_of_record
TN:
SF:E:\github\fullstackopen\part2\notes\src\components\LoginForm.js
FN:4,(anonymous_0)
FNF:1
FNH:1
FNDA:3,(anonymous_0)
DA:4,1
DA:11,3
DA:37,1
LF:3
LH:3
BRF:0
BRH:0
end_of_record
TN:
SF:E:\github\fullstackopen\part2\notes\src\components\Note.js
FN:3,(anonymous_0)
FNF:1
FNH:1
FNDA:5,(anonymous_0)
DA:3,2
DA:4,5
DA:7,5
LF:3
LH:3
BRDA:4,0,0,4
BRDA:4,0,1,1
BRF:2
BRH:2
end_of_record
TN:
SF:E:\github\fullstackopen\part2\notes\src\components\NoteForm.js
FN:3,(anonymous_0)
FNF:1
FNH:1
FNDA:1,(anonymous_0)
DA:3,2
DA:4,1
LF:2
LH:2
BRF:0
BRH:0
end_of_record
TN:
SF:E:\github\fullstackopen\part2\notes\src\components\Notification.js
FN:3,(anonymous_0)
FNF:1
FNH:1
FNDA:3,(anonymous_0)
DA:3,1
DA:4,3
DA:5,3
DA:8,0
LF:4
LH:3
BRDA:4,0,0,3
BRDA:4,0,1,0
BRF:2
BRH:1
end_of_record
TN:
SF:E:\github\fullstackopen\part2\notes\src\components\Togglable.js
FN:4,(anonymous_0)
FN:10,(anonymous_1)
FN:14,(anonymous_2)
FNF:3
FNH:2
FNDA:7,(anonymous_0)
FNDA:3,(anonymous_1)
FNDA:0,(anonymous_2)
DA:4,2
DA:5,7
DA:7,7
DA:8,7
DA:10,7
DA:11,3
DA:14,7
DA:15,0
DA:20,7
DA:33,2
LF:10
LH:9
BRDA:7,0,0,2
BRDA:7,0,1,5
BRDA:8,1,0,2
BRDA:8,1,1,5
BRF:4
BRH:4
end_of_record
TN:
SF:E:\github\fullstackopen\part2\notes\src\services\login.js
FN:4,(anonymous_0)
FNF:1
FNH:0
FNDA:0,(anonymous_0)
DA:2,1
DA:4,1
DA:5,0
DA:6,0
LF:4
LH:2
BRF:0
BRH:0
end_of_record
TN:
SF:E:\github\fullstackopen\part2\notes\src\services\notes.js
FN:6,(anonymous_0)
FN:10,(anonymous_1)
FN:19,(anonymous_2)
FN:22,(anonymous_3)
FN:31,(anonymous_4)
FN:33,(anonymous_5)
FNF:6
FNH:0
FNDA:0,(anonymous_0)
FNDA:0,(anonymous_1)
FNDA:0,(anonymous_2)
FNDA:0,(anonymous_3)
FNDA:0,(anonymous_4)
FNDA:0,(anonymous_5)
DA:2,0
DA:4,0
DA:6,0
DA:7,0
DA:10,0
DA:11,0
DA:13,0
DA:19,0
DA:22,0
DA:23,0
DA:26,0
DA:28,0
DA:31,0
DA:32,0
DA:33,0
LF:15
LH:0
BRF:0
BRH:0
end_of_record
